Arguments: 
  /usr/local/Cellar/node/14.5.0/bin/node /usr/local/Cellar/yarn/1.22.4/libexec/bin/yarn.js install

PATH: 
  /usr/local/bin:/usr/bin:/bin:/usr/sbin:/sbin:/Users/vichi/Library/Android/sdk/emulator:/Users/vichi/Library/Android/sdk/tools:/Users/vichi/Library/Android/sdk/platform-tools:/Users/vichi/Library/Android/sdk/tools/bin:/Users/vichi/Library/Android/sdk/emulator:/Users/vichi/Library/Android/sdk/tools:/Users/vichi/Library/Android/sdk/platform-tools:/Users/vichi/Library/Android/sdk/tools/bin

Yarn version: 
  1.22.4

Node version: 
  14.5.0

Platform: 
  darwin x64

Trace: 
  Error: Client network socket disconnected before secure TLS connection was established
      at connResetException (internal/errors.js:613:14)
      at TLSSocket.onConnectEnd (_tls_wrap.js:1545:19)
      at TLSSocket.emit (events.js:326:22)
      at endReadableNT (_stream_readable.js:1226:12)
      at processTicksAndRejections (internal/process/task_queues.js:80:21)

npm manifest: 
  {
    "main": "node_modules/expo/AppEntry.js",
    "scripts": {
      "start": "expo start",
      "android": "expo start --android",
      "ios": "expo start --ios",
      "web": "expo start --web",
      "eject": "expo eject"
    },
    "dependencies": {
      "@ptomasroos/react-native-multi-slider": "^2.2.2",
      "@react-native-community/masked-view": "0.1.10",
      "@react-navigation/material-bottom-tabs": "^5.3.12",
      "@react-navigation/material-top-tabs": "^5.3.13",
      "@react-navigation/native": "^5.9.2",
      "@react-navigation/stack": "^5.14.2",
      "axios": "^0.18.0",
      "expo": "~40.0.0",
      "expo-image-picker": "^10.0.0",
      "expo-status-bar": "~1.0.3",
      "formik": "^2.2.6",
      "react": "16.13.1",
      "react-dom": "16.13.1",
      "react-native": "https://github.com/expo/react-native/archive/sdk-40.0.1.tar.gz",
      "react-native-btr": "^1.1.5",
      "react-native-elements": "^3.1.0",
      "react-native-gesture-handler": "~1.8.0",
      "react-native-keyboard-aware-scroll-view": "^0.9.3",
      "react-native-modal": "^11.6.1",
      "react-native-paper": "^4.7.1",
      "react-native-paper-dates": "^0.2.15",
      "react-native-reanimated": "~1.13.0",
      "react-native-safe-area-context": "3.1.9",
      "react-native-screens": "~2.15.0",
      "react-native-snackbar-component": "^1.1.11",
      "react-native-svg": "12.1.0",
      "react-native-svg-charts": "^5.4.0",
      "react-native-tab-view": "^2.15.2",
      "react-native-textinput-effects": "^0.6.1",
      "react-native-web": "~0.13.12",
      "react-navigation": "^4.4.3",
      "react-navigation-tabs": "^2.10.1",
      "styled-components": "^5.2.1",
      "styled-components-native": "^1.0.2",
      "victory-native": "^35.3.1",
      "yup": "^0.32.8"
    },
    "devDependencies": {
      "@babel/core": "~7.9.0"
    },
    "private": true
  }

yarn manifest: 
  No manifest

Lockfile: 
  No lockfile
